# JRE version: OpenJDK Runtime Environment Temurin-17.0.3+7 (17.0.3+7) (build 17.0.3+7)
# Java VM: OpenJDK 64-Bit Server VM Temurin-17.0.3+7 (17.0.3+7, mixed mode, sharing, tiered, compressed oops, compressed class ptrs, g1 gc, windows-amd64)
GC Precious Log:
 CPUs: 12 total, 12 available
 Memory: 16291M
 Large Page Support: Disabled
 NUMA Support: Disabled
 Compressed Oops: Enabled (Zero based)
 Heap Region Size: 2M
 Heap Min Capacity: 512M
 Heap Initial Capacity: 512M
 Heap Max Capacity: 4072M
 Pre-touch: Disabled
 Parallel Workers: 10
 Concurrent Workers: 3
 Concurrent Refinement Workers: 10
 Periodic GC: Disabled
 String Deduplication is enabled
Heap:
 garbage-first heap   total 524288K, used 147410K [0x0000000701800000, 0x0000000800000000)
  region size 2048K, 18 young (36864K), 1 survivors (2048K)
 Metaspace       used 98243K, committed 98752K, reserved 1138688K
  class space    used 13550K, committed 13824K, reserved 1048576K
GC Heap History (20 events):
Event: 8832.897 GC heap before
{Heap before GC invocations=956 (full 476):
 garbage-first heap   total 1572864K, used 114264K [0x0000000701800000, 0x0000000800000000)
  region size 2048K, 2 young (4096K), 1 survivors (2048K)
 Metaspace       used 98229K, committed 98752K, reserved 1138688K
  class space    used 13550K, committed 13824K, reserved 1048576K
}
Event: 8832.962 GC heap after
{Heap after GC invocations=957 (full 477):
 garbage-first heap   total 524288K, used 114189K [0x0000000701800000, 0x0000000800000000)
  region size 2048K, 0 young (0K), 0 survivors (0K)
 Metaspace       used 98229K, committed 98752K, reserved 1138688K
  class space    used 13550K, committed 13824K, reserved 1048576K
}
Event: 8834.030 GC heap before
{Heap before GC invocations=957 (full 477):
 garbage-first heap   total 524288K, used 116237K [0x0000000701800000, 0x0000000800000000)
  region size 2048K, 2 young (4096K), 0 survivors (0K)
 Metaspace       used 98229K, committed 98752K, reserved 1138688K
  class space    used 13550K, committed 13824K, reserved 1048576K
}
Event: 8834.092 GC heap after
{Heap after GC invocations=958 (full 478):
 garbage-first heap   total 524288K, used 114178K [0x0000000701800000, 0x0000000800000000)
  region size 2048K, 0 young (0K), 0 survivors (0K)
 Metaspace       used 98229K, committed 98752K, reserved 1138688K
  class space    used 13550K, committed 13824K, reserved 1048576K
}
Event: 8834.500 GC heap before
{Heap before GC invocations=958 (full 478):
 garbage-first heap   total 524288K, used 118274K [0x0000000701800000, 0x0000000800000000)
  region size 2048K, 1 young (2048K), 0 survivors (0K)
 Metaspace       used 98229K, committed 98752K, reserved 1138688K
  class space    used 13550K, committed 13824K, reserved 1048576K
}
Event: 8834.562 GC heap after
{Heap after GC invocations=959 (full 479):
 garbage-first heap   total 524288K, used 114181K [0x0000000701800000, 0x0000000800000000)
  region size 2048K, 0 young (0K), 0 survivors (0K)
 Metaspace       used 98229K, committed 98752K, reserved 1138688K
  class space    used 13550K, committed 13824K, reserved 1048576K
}
Event: 8835.241 GC heap before
{Heap before GC invocations=959 (full 479):
 garbage-first heap   total 524288K, used 118277K [0x0000000701800000, 0x0000000800000000)
  region size 2048K, 1 young (2048K), 0 survivors (0K)
 Metaspace       used 98229K, committed 98752K, reserved 1138688K
  class space    used 13550K, committed 13824K, reserved 1048576K
}
Event: 8835.300 GC heap after
{Heap after GC invocations=960 (full 480):
 garbage-first heap   total 524288K, used 114181K [0x0000000701800000, 0x0000000800000000)
  region size 2048K, 0 young (0K), 0 survivors (0K)
 Metaspace       used 98229K, committed 98752K, reserved 1138688K
  class space    used 13550K, committed 13824K, reserved 1048576K
}
Event: 8835.625 GC heap before
{Heap before GC invocations=960 (full 480):
 garbage-first heap   total 524288K, used 114181K [0x0000000701800000, 0x0000000800000000)
  region size 2048K, 1 young (2048K), 0 survivors (0K)
 Metaspace       used 98229K, committed 98752K, reserved 1138688K
  class space    used 13550K, committed 13824K, reserved 1048576K
}
Event: 8835.685 GC heap after
{Heap after GC invocations=961 (full 481):
 garbage-first heap   total 524288K, used 114182K [0x0000000701800000, 0x0000000800000000)
  region size 2048K, 0 young (0K), 0 survivors (0K)
 Metaspace       used 98229K, committed 98752K, reserved 1138688K
  class space    used 13550K, committed 13824K, reserved 1048576K
}
Event: 8837.356 GC heap before
{Heap before GC invocations=961 (full 481):
 garbage-first heap   total 524288K, used 118278K [0x0000000701800000, 0x0000000800000000)
  region size 2048K, 3 young (6144K), 0 survivors (0K)
 Metaspace       used 98229K, committed 98752K, reserved 1138688K
  class space    used 13550K, committed 13824K, reserved 1048576K
}
Event: 8837.415 GC heap after
{Heap after GC invocations=962 (full 482):
 garbage-first heap   total 524288K, used 114230K [0x0000000701800000, 0x0000000800000000)
  region size 2048K, 0 young (0K), 0 survivors (0K)
 Metaspace       used 98229K, committed 98752K, reserved 1138688K
  class space    used 13550K, committed 13824K, reserved 1048576K
}
Event: 8841.324 GC heap before
{Heap before GC invocations=962 (full 482):
 garbage-first heap   total 524288K, used 120374K [0x0000000701800000, 0x0000000800000000)
  region size 2048K, 4 young (8192K), 0 survivors (0K)
 Metaspace       used 98229K, committed 98752K, reserved 1138688K
  class space    used 13550K, committed 13824K, reserved 1048576K
}
Event: 8841.382 GC heap after
{Heap after GC invocations=963 (full 483):
 garbage-first heap   total 524288K, used 114241K [0x0000000701800000, 0x0000000800000000)
  region size 2048K, 0 young (0K), 0 survivors (0K)
 Metaspace       used 98229K, committed 98752K, reserved 1138688K
  class space    used 13550K, committed 13824K, reserved 1048576K
}
Event: 8843.184 GC heap before
{Heap before GC invocations=963 (full 483):
 garbage-first heap   total 524288K, used 118337K [0x0000000701800000, 0x0000000800000000)
  region size 2048K, 3 young (6144K), 0 survivors (0K)
 Metaspace       used 98229K, committed 98752K, reserved 1138688K
  class space    used 13550K, committed 13824K, reserved 1048576K
}
Event: 8843.242 GC heap after
{Heap after GC invocations=964 (full 484):
 garbage-first heap   total 524288K, used 114230K [0x0000000701800000, 0x0000000800000000)
  region size 2048K, 0 young (0K), 0 survivors (0K)
 Metaspace       used 98229K, committed 98752K, reserved 1138688K
  class space    used 13550K, committed 13824K, reserved 1048576K
}
Event: 8844.819 GC heap before
{Heap before GC invocations=964 (full 484):
 garbage-first heap   total 524288K, used 118326K [0x0000000701800000, 0x0000000800000000)
  region size 2048K, 3 young (6144K), 0 survivors (0K)
 Metaspace       used 98229K, committed 98752K, reserved 1138688K
  class space    used 13550K, committed 13824K, reserved 1048576K
}
Event: 8844.877 GC heap after
{Heap after GC invocations=965 (full 485):
 garbage-first heap   total 524288K, used 114229K [0x0000000701800000, 0x0000000800000000)
  region size 2048K, 0 young (0K), 0 survivors (0K)
 Metaspace       used 98229K, committed 98752K, reserved 1138688K
  class space    used 13550K, committed 13824K, reserved 1048576K
}
Event: 8852.914 GC heap before
{Heap before GC invocations=965 (full 485):
 garbage-first heap   total 524288K, used 196149K [0x0000000701800000, 0x0000000800000000)
  region size 2048K, 40 young (81920K), 0 survivors (0K)
 Metaspace       used 98237K, committed 98752K, reserved 1138688K
  class space    used 13550K, committed 13824K, reserved 1048576K
}
Event: 8852.916 GC heap after
{Heap after GC invocations=966 (full 485):
 garbage-first heap   total 524288K, used 114642K [0x0000000701800000, 0x0000000800000000)
  region size 2048K, 1 young (2048K), 1 survivors (2048K)
 Metaspace       used 98237K, committed 98752K, reserved 1138688K
  class space    used 13550K, committed 13824K, reserved 1048576K
}

